<?xml version="1.0" encoding="UTF-8"?>
<!-- Generated by org.testng.reporters.JUnitReportReporter -->
<testsuite hostname="DESKTOP-C0BI861" failures="0" tests="1" name="runner.RunCuke" time="19.813" errors="0" timestamp="27 Sep 2020 02:40:31 GMT">
  <testcase classname="runner.RunCuke" name="feature" time="19.813"/>
</testsuite> <!-- runner.RunCuke -->
