<?xml version="1.0" encoding="UTF-8"?>
<!-- Generated by org.testng.reporters.JUnitReportReporter -->
<testsuite hostname="DESKTOP-C0BI861" failures="0" tests="1" name="runner.RunCuke" time="20.322" errors="0" timestamp="27 Sep 2020 10:38:13 GMT">
  <testcase classname="runner.RunCuke" name="feature" time="20.322"/>
</testsuite> <!-- runner.RunCuke -->
